2026-03-11T04:11:43.784+05:30  WARN 24344 --- [debug-challenge] [HikariPool-1 housekeeper] com.zaxxer.hikari.pool.HikariPool        : HikariPool-1 - Thread starvation or clock leap detected (housekeeper delta=5h11m2s775ms667µs100ns).
2026-03-11T04:47:42.342+05:30  WARN 24344 --- [debug-challenge] [HikariPool-1 housekeeper] com.zaxxer.hikari.pool.HikariPool        : HikariPool-1 - Thread starvation or clock leap detected (housekeeper delta=36m7s339ms965µs500ns).
2026-03-11T07:38:00.201+05:30  WARN 24344 --- [debug-challenge] [HikariPool-1 housekeeper] com.zaxxer.hikari.pool.HikariPool        : HikariPool-1 - Thread starvation or clock leap detected (housekeeper delta=37m15s705ms673µs800ns).
2026-03-11T21:34:26.346+05:30  INFO 28036 --- [debug-challenge] [main] com.interview.debug.DebugApplication     : Starting DebugApplication using Java 17.0.12 with PID 28036 (C:\Users\tushar.seth\Desktop\Scenario Based\debug-challenge\target\classes started by tushar.seth in C:\Users\tushar.seth\Desktop\Scenario Based\debug-challenge)
2026-03-11T21:34:26.349+05:30 DEBUG 28036 --- [debug-challenge] [main] com.interview.debug.DebugApplication     : Running with Spring Boot v3.2.2, Spring v6.1.3
2026-03-11T21:34:26.350+05:30  INFO 28036 --- [debug-challenge] [main] com.interview.debug.DebugApplication     : No active profile set, falling back to 1 default profile: "default"
2026-03-11T21:34:27.085+05:30  INFO 28036 --- [debug-challenge] [main] .s.d.r.c.RepositoryConfigurationDelegate : Multiple Spring Data modules found, entering strict repository configuration mode
2026-03-11T21:34:27.085+05:30  INFO 28036 --- [debug-challenge] [main] .s.d.r.c.RepositoryConfigurationDelegate : Bootstrapping Spring Data JPA repositories in DEFAULT mode.
2026-03-11T21:34:27.285+05:30  INFO 28036 --- [debug-challenge] [main] .s.d.r.c.RepositoryConfigurationDelegate : Finished Spring Data repository scanning in 188 ms. Found 2 JPA repository interfaces.
2026-03-11T21:34:27.569+05:30  INFO 28036 --- [debug-challenge] [main] .s.d.r.c.RepositoryConfigurationDelegate : Multiple Spring Data modules found, entering strict repository configuration mode
2026-03-11T21:34:27.571+05:30  INFO 28036 --- [debug-challenge] [main] .s.d.r.c.RepositoryConfigurationDelegate : Bootstrapping Spring Data Redis repositories in DEFAULT mode.
2026-03-11T21:34:27.600+05:30  INFO 28036 --- [debug-challenge] [main] .RepositoryConfigurationExtensionSupport : Spring Data Redis - Could not safely identify store assignment for repository candidate interface com.interview.debug.repository.BankRepository; If you want this repository to be a Redis repository, consider annotating your entities with one of these annotations: org.springframework.data.redis.core.RedisHash (preferred), or consider extending one of the following types with your repository: org.springframework.data.keyvalue.repository.KeyValueRepository
2026-03-11T21:34:27.602+05:30  INFO 28036 --- [debug-challenge] [main] .RepositoryConfigurationExtensionSupport : Spring Data Redis - Could not safely identify store assignment for repository candidate interface com.interview.debug.repository.OrderRepository; If you want this repository to be a Redis repository, consider annotating your entities with one of these annotations: org.springframework.data.redis.core.RedisHash (preferred), or consider extending one of the following types with your repository: org.springframework.data.keyvalue.repository.KeyValueRepository
2026-03-11T21:34:27.602+05:30  INFO 28036 --- [debug-challenge] [main] .s.d.r.c.RepositoryConfigurationDelegate : Finished Spring Data repository scanning in 21 ms. Found 0 Redis repository interfaces.
2026-03-11T21:34:28.779+05:30  INFO 28036 --- [debug-challenge] [main] o.s.b.w.embedded.tomcat.TomcatWebServer  : Tomcat initialized with port 8000 (http)
2026-03-11T21:34:28.798+05:30  INFO 28036 --- [debug-challenge] [main] o.apache.catalina.core.StandardService   : Starting service [Tomcat]
2026-03-11T21:34:28.798+05:30  INFO 28036 --- [debug-challenge] [main] o.apache.catalina.core.StandardEngine    : Starting Servlet engine: [Apache Tomcat/10.1.18]
2026-03-11T21:34:28.891+05:30  INFO 28036 --- [debug-challenge] [main] o.a.c.c.C.[Tomcat].[localhost].[/]       : Initializing Spring embedded WebApplicationContext
2026-03-11T21:34:28.892+05:30  INFO 28036 --- [debug-challenge] [main] w.s.c.ServletWebServerApplicationContext : Root WebApplicationContext: initialization completed in 2463 ms
2026-03-11T21:34:28.938+05:30  INFO 28036 --- [debug-challenge] [main] com.zaxxer.hikari.HikariDataSource       : HikariPool-1 - Starting...
2026-03-11T21:34:29.219+05:30  INFO 28036 --- [debug-challenge] [main] com.zaxxer.hikari.pool.HikariPool        : HikariPool-1 - Added connection conn0: url=jdbc:h2:mem:testdb user=SA
2026-03-11T21:34:29.222+05:30  INFO 28036 --- [debug-challenge] [main] com.zaxxer.hikari.HikariDataSource       : HikariPool-1 - Start completed.
2026-03-11T21:34:29.235+05:30  INFO 28036 --- [debug-challenge] [main] o.s.b.a.h2.H2ConsoleAutoConfiguration    : H2 console available at '/h2-console'. Database available at 'jdbc:h2:mem:testdb'
2026-03-11T21:34:29.301+05:30 DEBUG 28036 --- [debug-challenge] [main] c.i.debug.filter.CustomLogFilter         : Filter 'loggingFilter' configured for use
2026-03-11T21:34:29.428+05:30  INFO 28036 --- [debug-challenge] [main] o.hibernate.jpa.internal.util.LogHelper  : HHH000204: Processing PersistenceUnitInfo [name: default]
2026-03-11T21:34:29.548+05:30  INFO 28036 --- [debug-challenge] [main] org.hibernate.Version                    : HHH000412: Hibernate ORM core version 6.4.1.Final
2026-03-11T21:34:29.611+05:30  INFO 28036 --- [debug-challenge] [main] o.h.c.internal.RegionFactoryInitiator    : HHH000026: Second-level cache disabled
2026-03-11T21:34:30.074+05:30  INFO 28036 --- [debug-challenge] [main] o.s.o.j.p.SpringPersistenceUnitInfo      : No LoadTimeWeaver setup: ignoring JPA class transformer
2026-03-11T21:34:31.419+05:30  INFO 28036 --- [debug-challenge] [main] o.h.e.t.j.p.i.JtaPlatformInitiator       : HHH000489: No JTA platform available (set 'hibernate.transaction.jta.platform' to enable JTA platform integration)
2026-03-11T21:34:31.524+05:30  INFO 28036 --- [debug-challenge] [main] j.LocalContainerEntityManagerFactoryBean : Initialized JPA EntityManagerFactory for persistence unit 'default'
2026-03-11T21:34:32.059+05:30  INFO 28036 --- [debug-challenge] [main] o.s.d.j.r.query.QueryEnhancerFactory     : Hibernate is in classpath; If applicable, HQL parser will be used.
2026-03-11T21:34:32.665+05:30  WARN 28036 --- [debug-challenge] [main] JpaBaseConfiguration$JpaWebConfiguration : spring.jpa.open-in-view is enabled by default. Therefore, database queries may be performed during view rendering. Explicitly configure spring.jpa.open-in-view to disable this warning
2026-03-11T21:34:32.695+05:30  WARN 28036 --- [debug-challenge] [main] .s.s.UserDetailsServiceAutoConfiguration : 

Using generated security password: f74bdf75-7221-4704-ab4a-44cd39605feb

This generated password is for development use only. Your security configuration must be updated before running your application in production.

2026-03-11T21:34:33.232+05:30  INFO 28036 --- [debug-challenge] [main] o.s.s.web.DefaultSecurityFilterChain     : Will secure any request with [org.springframework.security.web.session.DisableEncodeUrlFilter@75dc995f, org.springframework.security.web.context.request.async.WebAsyncManagerIntegrationFilter@51c660c8, org.springframework.security.web.context.SecurityContextHolderFilter@761d679f, org.springframework.security.web.header.HeaderWriterFilter@1cfb59e, org.springframework.web.filter.CorsFilter@498102a4, org.springframework.security.web.authentication.logout.LogoutFilter@54eea16c, org.springframework.security.web.savedrequest.RequestCacheAwareFilter@6789b471, org.springframework.security.web.servletapi.SecurityContextHolderAwareRequestFilter@1eb3a6a3, org.springframework.security.web.authentication.AnonymousAuthenticationFilter@8829ecd, org.springframework.security.web.access.ExceptionTranslationFilter@2c78771b, org.springframework.security.web.access.intercept.AuthorizationFilter@19203ff3]
2026-03-11T21:34:33.993+05:30  INFO 28036 --- [debug-challenge] [main] o.s.b.w.embedded.tomcat.TomcatWebServer  : Tomcat started on port 8000 (http) with context path ''
2026-03-11T21:34:34.005+05:30  INFO 28036 --- [debug-challenge] [main] com.interview.debug.DebugApplication     : Started DebugApplication in 8.233 seconds (process running for 8.74)
2026-03-11T21:34:42.590+05:30  INFO 28036 --- [debug-challenge] [http-nio-8000-exec-2] o.a.c.c.C.[Tomcat].[localhost].[/]       : Initializing Spring DispatcherServlet 'dispatcherServlet'
2026-03-11T21:34:42.591+05:30  INFO 28036 --- [debug-challenge] [http-nio-8000-exec-2] o.s.web.servlet.DispatcherServlet        : Initializing Servlet 'dispatcherServlet'
2026-03-11T21:34:42.592+05:30  INFO 28036 --- [debug-challenge] [http-nio-8000-exec-2] o.s.web.servlet.DispatcherServlet        : Completed initialization in 1 ms
2026-03-11T21:38:20.670+05:30  INFO 14704 --- [debug-challenge] [main] com.interview.debug.DebugApplication     : Starting DebugApplication using Java 17.0.12 with PID 14704 (C:\Users\tushar.seth\Desktop\Scenario Based\debug-challenge\target\classes started by tushar.seth in C:\Users\tushar.seth\Desktop\Scenario Based\debug-challenge)
2026-03-11T21:38:20.674+05:30 DEBUG 14704 --- [debug-challenge] [main] com.interview.debug.DebugApplication     : Running with Spring Boot v3.2.2, Spring v6.1.3
2026-03-11T21:38:20.675+05:30  INFO 14704 --- [debug-challenge] [main] com.interview.debug.DebugApplication     : No active profile set, falling back to 1 default profile: "default"
2026-03-11T21:38:21.655+05:30  INFO 14704 --- [debug-challenge] [main] .s.d.r.c.RepositoryConfigurationDelegate : Multiple Spring Data modules found, entering strict repository configuration mode
2026-03-11T21:38:21.656+05:30  INFO 14704 --- [debug-challenge] [main] .s.d.r.c.RepositoryConfigurationDelegate : Bootstrapping Spring Data JPA repositories in DEFAULT mode.
2026-03-11T21:38:21.887+05:30  INFO 14704 --- [debug-challenge] [main] .s.d.r.c.RepositoryConfigurationDelegate : Finished Spring Data repository scanning in 214 ms. Found 2 JPA repository interfaces.
2026-03-11T21:38:22.249+05:30  INFO 14704 --- [debug-challenge] [main] .s.d.r.c.RepositoryConfigurationDelegate : Multiple Spring Data modules found, entering strict repository configuration mode
2026-03-11T21:38:22.250+05:30  INFO 14704 --- [debug-challenge] [main] .s.d.r.c.RepositoryConfigurationDelegate : Bootstrapping Spring Data Redis repositories in DEFAULT mode.
2026-03-11T21:38:22.300+05:30  INFO 14704 --- [debug-challenge] [main] .RepositoryConfigurationExtensionSupport : Spring Data Redis - Could not safely identify store assignment for repository candidate interface com.interview.debug.repository.BankRepository; If you want this repository to be a Redis repository, consider annotating your entities with one of these annotations: org.springframework.data.redis.core.RedisHash (preferred), or consider extending one of the following types with your repository: org.springframework.data.keyvalue.repository.KeyValueRepository
2026-03-11T21:38:22.303+05:30  INFO 14704 --- [debug-challenge] [main] .RepositoryConfigurationExtensionSupport : Spring Data Redis - Could not safely identify store assignment for repository candidate interface com.interview.debug.repository.OrderRepository; If you want this repository to be a Redis repository, consider annotating your entities with one of these annotations: org.springframework.data.redis.core.RedisHash (preferred), or consider extending one of the following types with your repository: org.springframework.data.keyvalue.repository.KeyValueRepository
2026-03-11T21:38:22.303+05:30  INFO 14704 --- [debug-challenge] [main] .s.d.r.c.RepositoryConfigurationDelegate : Finished Spring Data repository scanning in 33 ms. Found 0 Redis repository interfaces.
2026-03-11T21:38:23.257+05:30  INFO 14704 --- [debug-challenge] [main] o.s.b.w.embedded.tomcat.TomcatWebServer  : Tomcat initialized with port 8000 (http)
2026-03-11T21:38:23.270+05:30  INFO 14704 --- [debug-challenge] [main] o.apache.catalina.core.StandardService   : Starting service [Tomcat]
2026-03-11T21:38:23.271+05:30  INFO 14704 --- [debug-challenge] [main] o.apache.catalina.core.StandardEngine    : Starting Servlet engine: [Apache Tomcat/10.1.18]
2026-03-11T21:38:23.363+05:30  INFO 14704 --- [debug-challenge] [main] o.a.c.c.C.[Tomcat].[localhost].[/]       : Initializing Spring embedded WebApplicationContext
2026-03-11T21:38:23.363+05:30  INFO 14704 --- [debug-challenge] [main] w.s.c.ServletWebServerApplicationContext : Root WebApplicationContext: initialization completed in 2592 ms
2026-03-11T21:38:23.414+05:30  INFO 14704 --- [debug-challenge] [main] com.zaxxer.hikari.HikariDataSource       : HikariPool-1 - Starting...
2026-03-11T21:38:23.685+05:30  INFO 14704 --- [debug-challenge] [main] com.zaxxer.hikari.pool.HikariPool        : HikariPool-1 - Added connection conn0: url=jdbc:h2:mem:testdb user=SA
2026-03-11T21:38:23.688+05:30  INFO 14704 --- [debug-challenge] [main] com.zaxxer.hikari.HikariDataSource       : HikariPool-1 - Start completed.
2026-03-11T21:38:23.699+05:30  INFO 14704 --- [debug-challenge] [main] o.s.b.a.h2.H2ConsoleAutoConfiguration    : H2 console available at '/h2-console'. Database available at 'jdbc:h2:mem:testdb'
2026-03-11T21:38:23.769+05:30 DEBUG 14704 --- [debug-challenge] [main] c.i.d.filter.JwtAuthenticationFilter     : Filter 'jwtAuthenticationFilter' configured for use
2026-03-11T21:38:23.770+05:30 DEBUG 14704 --- [debug-challenge] [main] c.i.debug.filter.CustomLogFilter         : Filter 'loggingFilter' configured for use
2026-03-11T21:38:23.876+05:30  INFO 14704 --- [debug-challenge] [main] o.hibernate.jpa.internal.util.LogHelper  : HHH000204: Processing PersistenceUnitInfo [name: default]
2026-03-11T21:38:23.994+05:30  INFO 14704 --- [debug-challenge] [main] org.hibernate.Version                    : HHH000412: Hibernate ORM core version 6.4.1.Final
2026-03-11T21:38:24.132+05:30  INFO 14704 --- [debug-challenge] [main] o.h.c.internal.RegionFactoryInitiator    : HHH000026: Second-level cache disabled
2026-03-11T21:38:24.558+05:30  INFO 14704 --- [debug-challenge] [main] o.s.o.j.p.SpringPersistenceUnitInfo      : No LoadTimeWeaver setup: ignoring JPA class transformer
2026-03-11T21:38:26.019+05:30  INFO 14704 --- [debug-challenge] [main] o.h.e.t.j.p.i.JtaPlatformInitiator       : HHH000489: No JTA platform available (set 'hibernate.transaction.jta.platform' to enable JTA platform integration)
2026-03-11T21:38:26.106+05:30  INFO 14704 --- [debug-challenge] [main] j.LocalContainerEntityManagerFactoryBean : Initialized JPA EntityManagerFactory for persistence unit 'default'
2026-03-11T21:38:26.509+05:30  INFO 14704 --- [debug-challenge] [main] o.s.d.j.r.query.QueryEnhancerFactory     : Hibernate is in classpath; If applicable, HQL parser will be used.
2026-03-11T21:38:27.039+05:30  WARN 14704 --- [debug-challenge] [main] JpaBaseConfiguration$JpaWebConfiguration : spring.jpa.open-in-view is enabled by default. Therefore, database queries may be performed during view rendering. Explicitly configure spring.jpa.open-in-view to disable this warning
2026-03-11T21:38:27.063+05:30  WARN 14704 --- [debug-challenge] [main] .s.s.UserDetailsServiceAutoConfiguration : 

Using generated security password: b4de3004-fa6a-4e06-a9ea-d97421cbccef

This generated password is for development use only. Your security configuration must be updated before running your application in production.

2026-03-11T21:38:27.503+05:30  INFO 14704 --- [debug-challenge] [main] o.s.s.web.DefaultSecurityFilterChain     : Will secure any request with [org.springframework.security.web.session.DisableEncodeUrlFilter@57421e4e, org.springframework.security.web.context.request.async.WebAsyncManagerIntegrationFilter@5a75bad4, org.springframework.security.web.context.SecurityContextHolderFilter@262ea940, org.springframework.security.web.header.HeaderWriterFilter@56a34c0e, org.springframework.web.filter.CorsFilter@77227b1f, org.springframework.security.web.authentication.logout.LogoutFilter@17da6e45, com.interview.debug.filter.JwtAuthenticationFilter@2db86a7c, org.springframework.security.web.savedrequest.RequestCacheAwareFilter@54b88247, org.springframework.security.web.servletapi.SecurityContextHolderAwareRequestFilter@54eea16c, org.springframework.security.web.authentication.AnonymousAuthenticationFilter@73136174, org.springframework.security.web.access.ExceptionTranslationFilter@697797e4, org.springframework.security.web.access.intercept.AuthorizationFilter@55bf08a5]
2026-03-11T21:38:28.267+05:30  INFO 14704 --- [debug-challenge] [main] o.s.b.w.embedded.tomcat.TomcatWebServer  : Tomcat started on port 8000 (http) with context path ''
2026-03-11T21:38:28.278+05:30  INFO 14704 --- [debug-challenge] [main] com.interview.debug.DebugApplication     : Started DebugApplication in 8.688 seconds (process running for 9.598)
2026-03-11T21:45:31.274+05:30  INFO 14704 --- [debug-challenge] [http-nio-8000-exec-2] o.a.c.c.C.[Tomcat].[localhost].[/]       : Initializing Spring DispatcherServlet 'dispatcherServlet'
2026-03-11T21:45:31.274+05:30  INFO 14704 --- [debug-challenge] [http-nio-8000-exec-2] o.s.web.servlet.DispatcherServlet        : Initializing Servlet 'dispatcherServlet'
2026-03-11T21:45:31.276+05:30  INFO 14704 --- [debug-challenge] [http-nio-8000-exec-2] o.s.web.servlet.DispatcherServlet        : Completed initialization in 2 ms
