2026-03-11T16:16:41.825+05:30  INFO 7560 --- [debug-challenge] [main] com.interview.debug.DebugApplication     : Starting DebugApplication using Java 17.0.12 with PID 7560 (C:\Users\tushar.seth\Desktop\Scenario Based\debug-challenge\target\classes started by tushar.seth in C:\Users\tushar.seth\Desktop\Scenario Based)
2026-03-11T16:16:41.828+05:30 DEBUG 7560 --- [debug-challenge] [main] com.interview.debug.DebugApplication     : Running with Spring Boot v3.2.2, Spring v6.1.3
2026-03-11T16:16:41.829+05:30  INFO 7560 --- [debug-challenge] [main] com.interview.debug.DebugApplication     : No active profile set, falling back to 1 default profile: "default"
2026-03-11T16:16:43.283+05:30  INFO 7560 --- [debug-challenge] [main] .s.d.r.c.RepositoryConfigurationDelegate : Multiple Spring Data modules found, entering strict repository configuration mode
2026-03-11T16:16:43.285+05:30  INFO 7560 --- [debug-challenge] [main] .s.d.r.c.RepositoryConfigurationDelegate : Bootstrapping Spring Data JPA repositories in DEFAULT mode.
2026-03-11T16:16:43.987+05:30  INFO 7560 --- [debug-challenge] [main] .s.d.r.c.RepositoryConfigurationDelegate : Finished Spring Data repository scanning in 658 ms. Found 2 JPA repository interfaces.
2026-03-11T16:16:44.997+05:30  INFO 7560 --- [debug-challenge] [main] .s.d.r.c.RepositoryConfigurationDelegate : Multiple Spring Data modules found, entering strict repository configuration mode
2026-03-11T16:16:45.005+05:30  INFO 7560 --- [debug-challenge] [main] .s.d.r.c.RepositoryConfigurationDelegate : Bootstrapping Spring Data Redis repositories in DEFAULT mode.
2026-03-11T16:16:45.148+05:30  INFO 7560 --- [debug-challenge] [main] .RepositoryConfigurationExtensionSupport : Spring Data Redis - Could not safely identify store assignment for repository candidate interface com.interview.debug.repository.BankRepository; If you want this repository to be a Redis repository, consider annotating your entities with one of these annotations: org.springframework.data.redis.core.RedisHash (preferred), or consider extending one of the following types with your repository: org.springframework.data.keyvalue.repository.KeyValueRepository
2026-03-11T16:16:45.154+05:30  INFO 7560 --- [debug-challenge] [main] .RepositoryConfigurationExtensionSupport : Spring Data Redis - Could not safely identify store assignment for repository candidate interface com.interview.debug.repository.OrderRepository; If you want this repository to be a Redis repository, consider annotating your entities with one of these annotations: org.springframework.data.redis.core.RedisHash (preferred), or consider extending one of the following types with your repository: org.springframework.data.keyvalue.repository.KeyValueRepository
2026-03-11T16:16:45.156+05:30  INFO 7560 --- [debug-challenge] [main] .s.d.r.c.RepositoryConfigurationDelegate : Finished Spring Data repository scanning in 112 ms. Found 0 Redis repository interfaces.
2026-03-11T16:16:47.763+05:30  INFO 7560 --- [debug-challenge] [main] o.s.b.w.embedded.tomcat.TomcatWebServer  : Tomcat initialized with port 8000 (http)
2026-03-11T16:16:47.832+05:30  INFO 7560 --- [debug-challenge] [main] o.apache.catalina.core.StandardService   : Starting service [Tomcat]
2026-03-11T16:16:47.834+05:30  INFO 7560 --- [debug-challenge] [main] o.apache.catalina.core.StandardEngine    : Starting Servlet engine: [Apache Tomcat/10.1.18]
2026-03-11T16:16:48.069+05:30  INFO 7560 --- [debug-challenge] [main] o.a.c.c.C.[Tomcat].[localhost].[/]       : Initializing Spring embedded WebApplicationContext
2026-03-11T16:16:48.072+05:30  INFO 7560 --- [debug-challenge] [main] w.s.c.ServletWebServerApplicationContext : Root WebApplicationContext: initialization completed in 6121 ms
2026-03-11T16:16:48.186+05:30  INFO 7560 --- [debug-challenge] [main] com.zaxxer.hikari.HikariDataSource       : HikariPool-1 - Starting...
2026-03-11T16:16:49.337+05:30  INFO 7560 --- [debug-challenge] [main] com.zaxxer.hikari.pool.HikariPool        : HikariPool-1 - Added connection conn0: url=jdbc:h2:mem:testdb user=SA
2026-03-11T16:16:49.422+05:30  INFO 7560 --- [debug-challenge] [main] com.zaxxer.hikari.HikariDataSource       : HikariPool-1 - Start completed.
2026-03-11T16:16:49.478+05:30  INFO 7560 --- [debug-challenge] [main] o.s.b.a.h2.H2ConsoleAutoConfiguration    : H2 console available at '/h2-console'. Database available at 'jdbc:h2:mem:testdb'
2026-03-11T16:16:50.134+05:30 DEBUG 7560 --- [debug-challenge] [main] c.i.debug.filter.CustomLogFilter         : Filter 'loggingFilter' configured for use
2026-03-11T16:16:51.249+05:30  INFO 7560 --- [debug-challenge] [main] o.hibernate.jpa.internal.util.LogHelper  : HHH000204: Processing PersistenceUnitInfo [name: default]
2026-03-11T16:16:51.603+05:30  INFO 7560 --- [debug-challenge] [main] org.hibernate.Version                    : HHH000412: Hibernate ORM core version 6.4.1.Final
2026-03-11T16:16:51.858+05:30  INFO 7560 --- [debug-challenge] [main] o.h.c.internal.RegionFactoryInitiator    : HHH000026: Second-level cache disabled
2026-03-11T16:16:52.542+05:30  INFO 7560 --- [debug-challenge] [main] o.s.o.j.p.SpringPersistenceUnitInfo      : No LoadTimeWeaver setup: ignoring JPA class transformer
2026-03-11T16:16:55.105+05:30  INFO 7560 --- [debug-challenge] [main] o.h.e.t.j.p.i.JtaPlatformInitiator       : HHH000489: No JTA platform available (set 'hibernate.transaction.jta.platform' to enable JTA platform integration)
2026-03-11T16:16:55.226+05:30  INFO 7560 --- [debug-challenge] [main] j.LocalContainerEntityManagerFactoryBean : Initialized JPA EntityManagerFactory for persistence unit 'default'
2026-03-11T16:16:56.036+05:30  INFO 7560 --- [debug-challenge] [main] o.s.d.j.r.query.QueryEnhancerFactory     : Hibernate is in classpath; If applicable, HQL parser will be used.
2026-03-11T16:16:57.062+05:30  WARN 7560 --- [debug-challenge] [main] JpaBaseConfiguration$JpaWebConfiguration : spring.jpa.open-in-view is enabled by default. Therefore, database queries may be performed during view rendering. Explicitly configure spring.jpa.open-in-view to disable this warning
2026-03-11T16:16:57.125+05:30  WARN 7560 --- [debug-challenge] [main] .s.s.UserDetailsServiceAutoConfiguration : 

Using generated security password: 7eabec1d-f2e9-4266-86b1-4801284d0a99

This generated password is for development use only. Your security configuration must be updated before running your application in production.

2026-03-11T16:16:57.837+05:30  INFO 7560 --- [debug-challenge] [main] o.s.s.web.DefaultSecurityFilterChain     : Will secure any request with [org.springframework.security.web.session.DisableEncodeUrlFilter@1b841396, org.springframework.security.web.context.request.async.WebAsyncManagerIntegrationFilter@583b177a, org.springframework.security.web.context.SecurityContextHolderFilter@7a6ade2c, org.springframework.security.web.header.HeaderWriterFilter@1d0b4b69, org.springframework.web.filter.CorsFilter@4d79651d, org.springframework.security.web.authentication.logout.LogoutFilter@517f9ba3, org.springframework.security.web.savedrequest.RequestCacheAwareFilter@628190ec, org.springframework.security.web.servletapi.SecurityContextHolderAwareRequestFilter@4540aade, org.springframework.security.web.authentication.AnonymousAuthenticationFilter@796d0b43, org.springframework.security.web.access.ExceptionTranslationFilter@48611ad4, org.springframework.security.web.access.intercept.AuthorizationFilter@3b25ce5e]
2026-03-11T16:17:00.366+05:30  INFO 7560 --- [debug-challenge] [main] o.s.b.w.embedded.tomcat.TomcatWebServer  : Tomcat started on port 8000 (http) with context path ''
2026-03-11T16:17:00.394+05:30  INFO 7560 --- [debug-challenge] [main] com.interview.debug.DebugApplication     : Started DebugApplication in 19.274 seconds (process running for 19.948)
2026-03-11T16:17:22.421+05:30  INFO 7560 --- [debug-challenge] [http-nio-8000-exec-1] o.a.c.c.C.[Tomcat].[localhost].[/]       : Initializing Spring DispatcherServlet 'dispatcherServlet'
2026-03-11T16:17:22.422+05:30  INFO 7560 --- [debug-challenge] [http-nio-8000-exec-1] o.s.web.servlet.DispatcherServlet        : Initializing Servlet 'dispatcherServlet'
2026-03-11T16:17:22.424+05:30  INFO 7560 --- [debug-challenge] [http-nio-8000-exec-1] o.s.web.servlet.DispatcherServlet        : Completed initialization in 1 ms
2026-03-11T21:29:18.696+05:30  INFO 15276 --- [debug-challenge] [main] com.interview.debug.DebugApplication     : Starting DebugApplication using Java 17.0.12 with PID 15276 (C:\Users\tushar.seth\Desktop\Scenario Based\debug-challenge\target\classes started by tushar.seth in C:\Users\tushar.seth\Desktop\Scenario Based)
2026-03-11T21:29:18.698+05:30 DEBUG 15276 --- [debug-challenge] [main] com.interview.debug.DebugApplication     : Running with Spring Boot v3.2.2, Spring v6.1.3
2026-03-11T21:29:18.699+05:30  INFO 15276 --- [debug-challenge] [main] com.interview.debug.DebugApplication     : No active profile set, falling back to 1 default profile: "default"
2026-03-11T21:29:19.930+05:30  INFO 15276 --- [debug-challenge] [main] .s.d.r.c.RepositoryConfigurationDelegate : Multiple Spring Data modules found, entering strict repository configuration mode
2026-03-11T21:29:19.931+05:30  INFO 15276 --- [debug-challenge] [main] .s.d.r.c.RepositoryConfigurationDelegate : Bootstrapping Spring Data JPA repositories in DEFAULT mode.
2026-03-11T21:29:20.195+05:30  INFO 15276 --- [debug-challenge] [main] .s.d.r.c.RepositoryConfigurationDelegate : Finished Spring Data repository scanning in 241 ms. Found 2 JPA repository interfaces.
2026-03-11T21:29:20.589+05:30  INFO 15276 --- [debug-challenge] [main] .s.d.r.c.RepositoryConfigurationDelegate : Multiple Spring Data modules found, entering strict repository configuration mode
2026-03-11T21:29:20.591+05:30  INFO 15276 --- [debug-challenge] [main] .s.d.r.c.RepositoryConfigurationDelegate : Bootstrapping Spring Data Redis repositories in DEFAULT mode.
2026-03-11T21:29:20.635+05:30  INFO 15276 --- [debug-challenge] [main] .RepositoryConfigurationExtensionSupport : Spring Data Redis - Could not safely identify store assignment for repository candidate interface com.interview.debug.repository.BankRepository; If you want this repository to be a Redis repository, consider annotating your entities with one of these annotations: org.springframework.data.redis.core.RedisHash (preferred), or consider extending one of the following types with your repository: org.springframework.data.keyvalue.repository.KeyValueRepository
2026-03-11T21:29:20.637+05:30  INFO 15276 --- [debug-challenge] [main] .RepositoryConfigurationExtensionSupport : Spring Data Redis - Could not safely identify store assignment for repository candidate interface com.interview.debug.repository.OrderRepository; If you want this repository to be a Redis repository, consider annotating your entities with one of these annotations: org.springframework.data.redis.core.RedisHash (preferred), or consider extending one of the following types with your repository: org.springframework.data.keyvalue.repository.KeyValueRepository
2026-03-11T21:29:20.639+05:30  INFO 15276 --- [debug-challenge] [main] .s.d.r.c.RepositoryConfigurationDelegate : Finished Spring Data repository scanning in 26 ms. Found 0 Redis repository interfaces.
2026-03-11T21:29:22.062+05:30  INFO 15276 --- [debug-challenge] [main] o.s.b.w.embedded.tomcat.TomcatWebServer  : Tomcat initialized with port 8000 (http)
2026-03-11T21:29:22.084+05:30  INFO 15276 --- [debug-challenge] [main] o.apache.catalina.core.StandardService   : Starting service [Tomcat]
2026-03-11T21:29:22.085+05:30  INFO 15276 --- [debug-challenge] [main] o.apache.catalina.core.StandardEngine    : Starting Servlet engine: [Apache Tomcat/10.1.18]
2026-03-11T21:29:22.211+05:30  INFO 15276 --- [debug-challenge] [main] o.a.c.c.C.[Tomcat].[localhost].[/]       : Initializing Spring embedded WebApplicationContext
2026-03-11T21:29:22.213+05:30  INFO 15276 --- [debug-challenge] [main] w.s.c.ServletWebServerApplicationContext : Root WebApplicationContext: initialization completed in 3349 ms
2026-03-11T21:29:22.269+05:30  INFO 15276 --- [debug-challenge] [main] com.zaxxer.hikari.HikariDataSource       : HikariPool-1 - Starting...
2026-03-11T21:29:22.642+05:30  INFO 15276 --- [debug-challenge] [main] com.zaxxer.hikari.pool.HikariPool        : HikariPool-1 - Added connection conn0: url=jdbc:h2:mem:testdb user=SA
2026-03-11T21:29:22.646+05:30  INFO 15276 --- [debug-challenge] [main] com.zaxxer.hikari.HikariDataSource       : HikariPool-1 - Start completed.
2026-03-11T21:29:22.662+05:30  INFO 15276 --- [debug-challenge] [main] o.s.b.a.h2.H2ConsoleAutoConfiguration    : H2 console available at '/h2-console'. Database available at 'jdbc:h2:mem:testdb'
2026-03-11T21:29:22.761+05:30 DEBUG 15276 --- [debug-challenge] [main] c.i.debug.filter.CustomLogFilter         : Filter 'loggingFilter' configured for use
2026-03-11T21:29:22.912+05:30  INFO 15276 --- [debug-challenge] [main] o.hibernate.jpa.internal.util.LogHelper  : HHH000204: Processing PersistenceUnitInfo [name: default]
2026-03-11T21:29:23.082+05:30  INFO 15276 --- [debug-challenge] [main] org.hibernate.Version                    : HHH000412: Hibernate ORM core version 6.4.1.Final
2026-03-11T21:29:23.170+05:30  INFO 15276 --- [debug-challenge] [main] o.h.c.internal.RegionFactoryInitiator    : HHH000026: Second-level cache disabled
2026-03-11T21:29:23.798+05:30  INFO 15276 --- [debug-challenge] [main] o.s.o.j.p.SpringPersistenceUnitInfo      : No LoadTimeWeaver setup: ignoring JPA class transformer
2026-03-11T21:29:26.429+05:30  INFO 15276 --- [debug-challenge] [main] o.h.e.t.j.p.i.JtaPlatformInitiator       : HHH000489: No JTA platform available (set 'hibernate.transaction.jta.platform' to enable JTA platform integration)
2026-03-11T21:29:26.628+05:30  INFO 15276 --- [debug-challenge] [main] j.LocalContainerEntityManagerFactoryBean : Initialized JPA EntityManagerFactory for persistence unit 'default'
2026-03-11T21:29:27.579+05:30  INFO 15276 --- [debug-challenge] [main] o.s.d.j.r.query.QueryEnhancerFactory     : Hibernate is in classpath; If applicable, HQL parser will be used.
2026-03-11T21:29:28.776+05:30  WARN 15276 --- [debug-challenge] [main] JpaBaseConfiguration$JpaWebConfiguration : spring.jpa.open-in-view is enabled by default. Therefore, database queries may be performed during view rendering. Explicitly configure spring.jpa.open-in-view to disable this warning
2026-03-11T21:29:28.866+05:30  WARN 15276 --- [debug-challenge] [main] .s.s.UserDetailsServiceAutoConfiguration : 

Using generated security password: 302c6e49-1b39-40f4-8266-73d37840088e

This generated password is for development use only. Your security configuration must be updated before running your application in production.

2026-03-11T21:29:30.058+05:30  INFO 15276 --- [debug-challenge] [main] o.s.s.web.DefaultSecurityFilterChain     : Will secure any request with [org.springframework.security.web.session.DisableEncodeUrlFilter@424ebf5b, org.springframework.security.web.context.request.async.WebAsyncManagerIntegrationFilter@42cef0af, org.springframework.security.web.context.SecurityContextHolderFilter@697797e4, org.springframework.security.web.header.HeaderWriterFilter@3d7d920b, org.springframework.web.filter.CorsFilter@44992466, org.springframework.security.web.authentication.logout.LogoutFilter@5beda06e, org.springframework.security.web.savedrequest.RequestCacheAwareFilter@56a34c0e, org.springframework.security.web.servletapi.SecurityContextHolderAwareRequestFilter@16750a5e, org.springframework.security.web.authentication.AnonymousAuthenticationFilter@55bf08a5, org.springframework.security.web.access.ExceptionTranslationFilter@1967c032, org.springframework.security.web.access.intercept.AuthorizationFilter@4d79651d]
2026-03-11T21:29:32.380+05:30  INFO 15276 --- [debug-challenge] [main] o.s.b.w.embedded.tomcat.TomcatWebServer  : Tomcat started on port 8000 (http) with context path ''
2026-03-11T21:29:32.408+05:30  INFO 15276 --- [debug-challenge] [main] com.interview.debug.DebugApplication     : Started DebugApplication in 14.419 seconds (process running for 15.068)
2026-03-11T21:29:36.672+05:30  INFO 15276 --- [debug-challenge] [http-nio-8000-exec-1] o.a.c.c.C.[Tomcat].[localhost].[/]       : Initializing Spring DispatcherServlet 'dispatcherServlet'
2026-03-11T21:29:36.673+05:30  INFO 15276 --- [debug-challenge] [http-nio-8000-exec-1] o.s.web.servlet.DispatcherServlet        : Initializing Servlet 'dispatcherServlet'
2026-03-11T21:29:36.675+05:30  INFO 15276 --- [debug-challenge] [http-nio-8000-exec-1] o.s.web.servlet.DispatcherServlet        : Completed initialization in 1 ms
